Arguments: 
  /Users/kudousterain/.nvm/versions/node/v18.12.1/bin/node /Users/kudousterain/.cache/node/corepack/yarn/1.22.19/bin/yarn.js add axios

PATH: 
  /Users/kudousterain/.rbenv/shims:/opt/homebrew/opt/openjdk@17/bin:/Users/kudousterain/Library/pnpm:/Users/kudousterain/.nvm/versions/node/v18.12.1/bin:/Users/kudousterain/Library/pnpm:/Users/kudousterain/Desktop/SelfProject/Local Chatbot/flutter/bin:/opt/homebrew/opt/libpq/bin:/Users/kudousterain/.bun/bin:/Users/kudousterain/.nvm/versions/node/v18.12.1/bin:/opt/homebrew/bin:/opt/homebrew/sbin:/usr/local/bin:/System/Cryptexes/App/usr/bin:/usr/bin:/bin:/usr/sbin:/sbin:/Applications/VMware Fusion.app/Contents/Public:/usr/local/share/dotnet:~/.dotnet/tools:/Library/Apple/usr/bin:/Library/Frameworks/Mono.framework/Versions/Current/Commands:/Applications/Wireshark.app/Contents/MacOS:/Users/kudousterain/.rbenv/shims:/opt/homebrew/opt/openjdk@17/bin:/Users/kudousterain/Library/pnpm://flutter/bin:/opt/homebrew/opt/libpq/bin:/Users/kudousterain/.bun/bin:/Users/kudousterain/.nvm/versions/node/v18.12.1/bin:/opt/homebrew/bin:/opt/homebrew/sbin:/Users/kudousterain/Library/Android/sdk/tools/bin:/Users/kudousterain/Library/Android/sdk/platform-tools:/Users/kudousterain/Library/Android/sdk/emulator:/Users/kudousterain/go/bin:/Users/kudousterain/Library/Python/3.8/bin:/Users/kudousterain/.yarn/bin:/Users/kudousterain/.pub-cache/bin:/Users/kudousterain/Library/Android/sdk/tools/bin:/Users/kudousterain/Library/Android/sdk/platform-tools:/Users/kudousterain/Library/Android/sdk/emulator:/Users/kudousterain/go/bin:/Users/kudousterain/Library/Python/3.8/bin:/Users/kudousterain/.yarn/bin:/Users/kudousterain/.pub-cache/bin

Yarn version: 
  1.22.19

Node version: 
  18.12.1

Platform: 
  darwin arm64

Trace: 
  Error: true/axios: Invalid URI "true/axios"
      at module.exports.Request.init (/Users/kudousterain/.cache/node/corepack/yarn/1.22.19/lib/cli.js:140978:31)
      at new Request (/Users/kudousterain/.cache/node/corepack/yarn/1.22.19/lib/cli.js:140832:8)
      at request (/Users/kudousterain/.cache/node/corepack/yarn/1.22.19/lib/cli.js:137738:10)
      at RequestManager.execute (/Users/kudousterain/.cache/node/corepack/yarn/1.22.19/lib/cli.js:66197:15)
      at RequestManager.shiftQueue (/Users/kudousterain/.cache/node/corepack/yarn/1.22.19/lib/cli.js:66235:10)
      at /Users/kudousterain/.cache/node/corepack/yarn/1.22.19/lib/cli.js:65905:13
      at new Promise (<anonymous>)
      at new F (/Users/kudousterain/.cache/node/corepack/yarn/1.22.19/lib/cli.js:5305:28)
      at RequestManager.request (/Users/kudousterain/.cache/node/corepack/yarn/1.22.19/lib/cli.js:65903:19)
      at NpmRegistry.<anonymous> (/Users/kudousterain/.cache/node/corepack/yarn/1.22.19/lib/cli.js:31751:42)

npm manifest: 
  {
    "name": "local-chatbot",
    "version": "1.0.0",
    "description": "",
    "main": "index.js",
    "scripts": {
      "start": "node main.js"
    },
    "author": "",
    "license": "ISC"
  }

yarn manifest: 
  No manifest

Lockfile: 
  # THIS IS AN AUTOGENERATED FILE. DO NOT EDIT THIS FILE DIRECTLY.
  # yarn lockfile v1
